<?xml version="1.0" encoding="UTF-8"?>
<!-- Generated by org.testng.reporters.JUnitXMLReporter -->
<testsuite ignored="0" hostname="IGNP-LPWDEV0017" failures="0" tests="8" name="Default test" time="0.063" errors="0" timestamp="2024-06-10T11:20:58 IST">
  <testcase classname="resources.webdriveroperations.WebDriverOperations" name="@BeforeClass InitializeDriver" time="-1.717998658785E9">
    <failure type="org.testng.TestNGException" message="
Parameter &amp;apos;browser&amp;apos; is required by BeforeClass on method InitializeDriver but has not been marked @Optional or defined
in C:\Users\Unthinkable-Lap\AppData\Local\Temp\testng-eclipse-1766168310\testng-customsuite.xml">
      <![CDATA[org.testng.TestNGException: 
Parameter 'browser' is required by BeforeClass on method InitializeDriver but has not been marked @Optional or defined
in C:\Users\Unthinkable-Lap\AppData\Local\Temp\testng-eclipse-1766168310\testng-customsuite.xml
at org.testng.internal.Parameters.createParams(Parameters.java:267)
at org.testng.internal.Parameters.createParametersForMethod(Parameters.java:355)
at org.testng.internal.Parameters.createParameters(Parameters.java:660)
at org.testng.internal.Parameters.createConfigurationParameters(Parameters.java:166)
at org.testng.internal.invokers.ConfigInvoker.invokeConfigurations(ConfigInvoker.java:300)
at org.testng.internal.invokers.TestMethodWorker.invokeBeforeClassMethods(TestMethodWorker.java:178)
at org.testng.internal.invokers.TestMethodWorker.run(TestMethodWorker.java:122)
at java.base/java.util.ArrayList.forEach(ArrayList.java:1511)
at org.testng.TestRunner.privateRun(TestRunner.java:808)
at org.testng.TestRunner.run(TestRunner.java:603)
at org.testng.SuiteRunner.runTest(SuiteRunner.java:429)
at org.testng.SuiteRunner.runSequentially(SuiteRunner.java:423)
at org.testng.SuiteRunner.privateRun(SuiteRunner.java:383)
at org.testng.SuiteRunner.run(SuiteRunner.java:326)
at org.testng.SuiteRunnerWorker.runSuite(SuiteRunnerWorker.java:52)
at org.testng.SuiteRunnerWorker.run(SuiteRunnerWorker.java:95)
at org.testng.TestNG.runSuitesSequentially(TestNG.java:1249)
at org.testng.TestNG.runSuitesLocally(TestNG.java:1169)
at org.testng.TestNG.runSuites(TestNG.java:1092)
at org.testng.TestNG.run(TestNG.java:1060)
at org.testng.remote.AbstractRemoteTestNG.run(AbstractRemoteTestNG.java:115)
at org.testng.remote.RemoteTestNG.initAndRun(RemoteTestNG.java:251)
at org.testng.remote.RemoteTestNG.main(RemoteTestNG.java:77)
]]>
    </failure>
  </testcase> <!-- @BeforeClass InitializeDriver -->
  <testcase classname="resources.webdriveroperations.WebDriverOperations" name="@AfterClass tearDown" time="0.0">
    <skipped/>
  </testcase> <!-- @AfterClass tearDown -->
  <testcase classname="sqh.automation.D2ERTest.D2EREmployeeTest" name="LogintoCustomerAccount" time="0.001">
    <skipped/>
  </testcase> <!-- LogintoCustomerAccount -->
  <testcase classname="sqh.automation.D2ERTest.D2EREmployeeTest" name="NavigateToEmployeePage" time="0.0">
    <skipped/>
  </testcase> <!-- NavigateToEmployeePage -->
  <testcase classname="sqh.automation.D2ERTest.D2EREmployeeTest" name="AddSingleEmployee" time="0.0">
    <skipped/>
  </testcase> <!-- AddSingleEmployee -->
  <testcase classname="sqh.automation.D2ERTest.D2EREmployeeTest" name="ValidateEditEmpRefNumber" time="0.0">
    <skipped/>
  </testcase> <!-- ValidateEditEmpRefNumber -->
  <testcase classname="sqh.automation.D2ERTest.D2EREmployeeTest" name="ValidateExportEmployees" time="0.0">
    <skipped/>
  </testcase> <!-- ValidateExportEmployees -->
  <testcase classname="sqh.automation.D2ERTest.D2EREmployeeTest" name="AddMultipleEmployeesManually" time="0.0">
    <skipped/>
  </testcase> <!-- AddMultipleEmployeesManually -->
  <testcase classname="sqh.automation.D2ERTest.D2EREmployeeTest" name="ResendInvitation" time="0.0">
    <skipped/>
  </testcase> <!-- ResendInvitation -->
  <testcase classname="sqh.automation.D2ERTest.D2EREmployeeTest" name="EcommerceRedirectValidation" time="0.0">
    <skipped/>
  </testcase> <!-- EcommerceRedirectValidation -->
</testsuite> <!-- Default test -->
